<?xml version="1.0" encoding="UTF-8"?>
<!-- Generated by org.testng.reporters.JUnitXMLReporter -->
<testsuite hostname="Ulises-MacBook-Pro.local" ignored="0" name="Exam" tests="1" failures="0" timestamp="23 Feb 2018 22:21:43 GMT" time="4.507" errors="0">
  <testcase name="@BeforeClass setup" time="4.446" classname="com.veelo.exam.StagingPageTest">
    <failure type="org.openqa.selenium.WebDriverException" message="Reached error page: about:neterror?e=dnsNotFound&amp;amp;u=https%3A//staging.veeloapp.com/&amp;amp;c=UTF-8&amp;amp;f=regular&amp;amp;d=No%20podemos%20conectarnos%20al%20servidor%20en%20staging.veeloapp.com.
Build info: version: &amp;apos;3.9.1&amp;apos;, revision: &amp;apos;63f7b50&amp;apos;, time: &amp;apos;2018-02-07T22:25:02.294Z&amp;apos;
System info: host: &amp;apos;Ulises-MacBook-Pro.local&amp;apos;, ip: &amp;apos;127.0.0.1&amp;apos;, os.name: &amp;apos;Mac OS X&amp;apos;, os.arch: &amp;apos;x86_64&amp;apos;, os.version: &amp;apos;10.13.3&amp;apos;, java.version: &amp;apos;1.8.0_144&amp;apos;
Driver info: org.openqa.selenium.firefox.FirefoxDriver
Capabilities {acceptInsecureCerts: true, browserName: firefox, browserVersion: 58.0.2, javascriptEnabled: true, moz:accessibilityChecks: false, moz:headless: false, moz:processID: 66581, moz:profile: /var/folders/b7/24kbzbnj77l..., moz:webdriverClick: true, pageLoadStrategy: normal, platform: MAC, platformName: MAC, platformVersion: 17.4.0, rotatable: false, timeouts: {implicit: 0, pageLoad: 300000, script: 30000}}
Session ID: c17241ea-72bd-9747-8cfb-3ab01c0dcc3c">
      <![CDATA[org.openqa.selenium.WebDriverException: Reached error page: about:neterror?e=dnsNotFound&u=https%3A//staging.veeloapp.com/&c=UTF-8&f=regular&d=No%20podemos%20conectarnos%20al%20servidor%20en%20staging.veeloapp.com.
Build info: version: '3.9.1', revision: '63f7b50', time: '2018-02-07T22:25:02.294Z'
System info: host: 'Ulises-MacBook-Pro.local', ip: '127.0.0.1', os.name: 'Mac OS X', os.arch: 'x86_64', os.version: '10.13.3', java.version: '1.8.0_144'
Driver info: org.openqa.selenium.firefox.FirefoxDriver
Capabilities {acceptInsecureCerts: true, browserName: firefox, browserVersion: 58.0.2, javascriptEnabled: true, moz:accessibilityChecks: false, moz:headless: false, moz:processID: 66581, moz:profile: /var/folders/b7/24kbzbnj77l..., moz:webdriverClick: true, pageLoadStrategy: normal, platform: MAC, platformName: MAC, platformVersion: 17.4.0, rotatable: false, timeouts: {implicit: 0, pageLoad: 300000, script: 30000}}
Session ID: c17241ea-72bd-9747-8cfb-3ab01c0dcc3c
at org.openqa.selenium.remote.http.W3CHttpResponseCodec.createException(W3CHttpResponseCodec.java:187)
at org.openqa.selenium.remote.http.W3CHttpResponseCodec.decode(W3CHttpResponseCodec.java:122)
at org.openqa.selenium.remote.http.W3CHttpResponseCodec.decode(W3CHttpResponseCodec.java:49)
at org.openqa.selenium.remote.HttpCommandExecutor.execute(HttpCommandExecutor.java:160)
at org.openqa.selenium.remote.service.DriverCommandExecutor.execute(DriverCommandExecutor.java:83)
at org.openqa.selenium.remote.RemoteWebDriver.execute(RemoteWebDriver.java:601)
at org.openqa.selenium.remote.RemoteWebDriver.get(RemoteWebDriver.java:325)
at com.veelo.exam.StagingPageTest.setup(StagingPageTest.java:52)
... Removed 30 stack frames]]>
    </failure>
  </testcase> <!-- @BeforeClass setup -->
  <testcase name="@AfterClass teardown" time="0.0" classname="com.veelo.exam.StagingPageTest">
    <skipped/>
  </testcase> <!-- @AfterClass teardown -->
  <testcase name="examTest" time="0.0" classname="com.veelo.exam.StagingPageTest">
    <skipped/>
  </testcase> <!-- examTest -->
</testsuite> <!-- Exam -->
